\BOOKMARK [1][-]{section*.1}{\376\377\000A\000b\000s\000t\000r\000a\000c\000t}{}% 1
\BOOKMARK [1][-]{section*.2}{\376\377\000A\000c\000k\000n\000o\000w\000l\000e\000d\000g\000m\000e\000n\000t\000s}{}% 2
\BOOKMARK [1][-]{section*.4}{\376\377\000L\000i\000s\000t\000\040\000o\000f\000\040\000T\000a\000b\000l\000e\000s}{}% 3
\BOOKMARK [1][-]{section*.5}{\376\377\000L\000i\000s\000t\000\040\000o\000f\000\040\000F\000i\000g\000u\000r\000e\000s}{}% 4
\BOOKMARK [1][-]{section*.6}{\376\377\000G\000l\000o\000s\000s\000a\000r\000y}{}% 5
\BOOKMARK [1][-]{section.0.1}{\376\377\000I\000n\000t\000r\000o\000d\000u\000c\000t\000i\000o\000n}{}% 6
\BOOKMARK [2][-]{subsection.0.1.1}{\376\377\000O\000v\000e\000r\000v\000i\000e\000w}{section.0.1}% 7
\BOOKMARK [2][-]{subsection.0.1.2}{\376\377\000P\000o\000i\000n\000t\000\040\0001}{section.0.1}% 8
\BOOKMARK [2][-]{subsection.0.1.3}{\376\377\000P\000o\000i\000n\000t\000\040\0002}{section.0.1}% 9
\BOOKMARK [1][-]{section.0.2}{\376\377\000R\000e\000q\000u\000i\000r\000e\000m\000e\000n\000t\000s}{}% 10
\BOOKMARK [2][-]{subsection.0.2.1}{\376\377\000O\000v\000e\000r\000v\000i\000e\000w}{section.0.2}% 11
\BOOKMARK [2][-]{subsection.0.2.2}{\376\377\000P\000o\000i\000n\000t\000\040\0001}{section.0.2}% 12
\BOOKMARK [2][-]{subsection.0.2.3}{\376\377\000P\000o\000i\000n\000t\000\040\0002}{section.0.2}% 13
\BOOKMARK [1][-]{section.0.3}{\376\377\000D\000e\000s\000i\000g\000n}{}% 14
\BOOKMARK [2][-]{subsection.0.3.1}{\376\377\000O\000v\000e\000r\000v\000i\000e\000w}{section.0.3}% 15
\BOOKMARK [2][-]{subsection.0.3.2}{\376\377\000P\000o\000i\000n\000t\000\040\0001}{section.0.3}% 16
\BOOKMARK [2][-]{subsection.0.3.3}{\376\377\000P\000o\000i\000n\000t\000\040\0002}{section.0.3}% 17
\BOOKMARK [1][-]{section.0.4}{\376\377\000T\000e\000s\000t\000i\000n\000g}{}% 18
\BOOKMARK [2][-]{subsection.0.4.1}{\376\377\000O\000v\000e\000r\000v\000i\000e\000w}{section.0.4}% 19
\BOOKMARK [2][-]{subsection.0.4.2}{\376\377\000P\000o\000i\000n\000t\000\040\0001}{section.0.4}% 20
\BOOKMARK [2][-]{subsection.0.4.3}{\376\377\000P\000o\000i\000n\000t\000\040\0002}{section.0.4}% 21
\BOOKMARK [2][-]{subsection.0.4.4}{\376\377\000P\000o\000i\000n\000t\000\040\0003}{section.0.4}% 22
\BOOKMARK [1][-]{section.0.5}{\376\377\000C\000o\000n\000c\000l\000u\000s\000i\000o\000n}{}% 23
\BOOKMARK [2][-]{subsection.0.5.1}{\376\377\000O\000v\000e\000r\000v\000i\000e\000w}{section.0.5}% 24
\BOOKMARK [2][-]{subsection.0.5.2}{\376\377\000P\000o\000i\000n\000t\000\040\0001}{section.0.5}% 25
\BOOKMARK [2][-]{subsection.0.5.3}{\376\377\000P\000o\000i\000n\000t\000\040\0002}{section.0.5}% 26
\BOOKMARK [1][-]{section.0.6}{\376\377\000B\000i\000b\000l\000i\000o\000g\000r\000a\000p\000h\000y}{}% 27
\BOOKMARK [1][-]{section.0.7}{\376\377\000A\000p\000p\000e\000n\000d\000i\000c\000e\000s}{}% 28
